
  .   ____          _            __ _ _
 /\\ / ___'_ __ _ _(_)_ __  __ _ \ \ \ \
( ( )\___ | '_ | '_| | '_ \/ _` | \ \ \ \
 \\/  ___)| |_)| | | | | || (_| |  ) ) ) )
  '  |____| .__|_| |_|_| |_\__, | / / / /
 =========|_|==============|___/=/_/_/_/
 :: Spring Boot ::                (v3.2.5)

2026-06-07T01:01:05.517+08:00  INFO 46980 --- [strategy-service] [           main] com.quant.strategy.StrategyApplication   : Starting StrategyApplication using Java 21.0.10 with PID 46980 (C:\Users\wangw\ai-quant-stock\services\strategy-service\target\strategy-service-1.0.0-SNAPSHOT.jar started by wangw in C:\Users\wangw\ai-quant-stock)
2026-06-07T01:01:05.521+08:00  INFO 46980 --- [strategy-service] [           main] com.quant.strategy.StrategyApplication   : No active profile set, falling back to 1 default profile: "default"
2026-06-07T01:01:07.206+08:00  INFO 46980 --- [strategy-service] [           main] .s.d.r.c.RepositoryConfigurationDelegate : Multiple Spring Data modules found, entering strict repository configuration mode
2026-06-07T01:01:07.211+08:00  INFO 46980 --- [strategy-service] [           main] .s.d.r.c.RepositoryConfigurationDelegate : Bootstrapping Spring Data Redis repositories in DEFAULT mode.
2026-06-07T01:01:07.264+08:00  INFO 46980 --- [strategy-service] [           main] .s.d.r.c.RepositoryConfigurationDelegate : Finished Spring Data repository scanning in 21 ms. Found 0 Redis repository interfaces.
2026-06-07T01:01:08.862+08:00  INFO 46980 --- [strategy-service] [           main] o.s.b.w.embedded.tomcat.TomcatWebServer  : Tomcat initialized with port 8083 (http)
2026-06-07T01:01:08.879+08:00  INFO 46980 --- [strategy-service] [           main] o.apache.catalina.core.StandardService   : Starting service [Tomcat]
2026-06-07T01:01:08.882+08:00  INFO 46980 --- [strategy-service] [           main] o.apache.catalina.core.StandardEngine    : Starting Servlet engine: [Apache Tomcat/10.1.20]
2026-06-07T01:01:09.090+08:00  INFO 46980 --- [strategy-service] [           main] o.a.c.c.C.[Tomcat].[localhost].[/]       : Initializing Spring embedded WebApplicationContext
2026-06-07T01:01:09.091+08:00  INFO 46980 --- [strategy-service] [           main] w.s.c.ServletWebServerApplicationContext : Root WebApplicationContext: initialization completed in 3156 ms
 _ _   |_  _ _|_. ___ _ |    _ 
| | |\/|_)(_| | |_\  |_)||_|_\ 
     /               |         
                        3.5.6 
2026-06-07T01:01:11.916+08:00  WARN 46980 --- [strategy-service] [           main] c.b.m.core.metadata.TableInfoHelper      : Can not find table primary key in Class: "com.quant.common.entity.StockScore".
2026-06-07T01:01:11.917+08:00  WARN 46980 --- [strategy-service] [           main] c.b.m.core.injector.DefaultSqlInjector   : class com.quant.common.entity.StockScore ,Not found @TableId annotation, Cannot use Mybatis-Plus 'xxById' Method.
2026-06-07T01:01:11.961+08:00  INFO 46980 --- [strategy-service] [           main] c.xxl.job.core.executor.XxlJobExecutor   : >>>>>>>>>>> xxl-job register jobhandler success, name:generateRecommendPoolJob, jobHandler:com.xxl.job.core.handler.impl.MethodJobHandler@7b52b18a[class com.quant.strategy.job.StrategyJobHandler#generateRecommendPool]
2026-06-07T01:01:12.537+08:00  INFO 46980 --- [strategy-service] [           main] o.s.b.w.embedded.tomcat.TomcatWebServer  : Tomcat started on port 8083 (http) with context path ''
2026-06-07T01:01:12.554+08:00  INFO 46980 --- [strategy-service] [           main] com.quant.strategy.StrategyApplication   : Started StrategyApplication in 7.889 seconds (process running for 9.251)
2026-06-07T01:01:24.450+08:00  INFO 46980 --- [strategy-service] [       Thread-3] com.xxl.job.core.server.EmbedServer      : >>>>>>>>>>> xxl-job remoting server start success, nettype = class com.xxl.job.core.server.EmbedServer, port = 9993
2026-06-07T01:01:24.465+08:00 ERROR 46980 --- [strategy-service] [rRegistryThread] c.xxl.job.core.util.XxlJobRemotingUtil   : Connection refused: getsockopt

java.net.ConnectException: Connection refused: getsockopt
	at java.base/sun.nio.ch.Net.pollConnect(Native Method) ~[na:na]
	at java.base/sun.nio.ch.Net.pollConnectNow(Unknown Source) ~[na:na]
	at java.base/sun.nio.ch.NioSocketImpl.timedFinishConnect(Unknown Source) ~[na:na]
	at java.base/sun.nio.ch.NioSocketImpl.connect(Unknown Source) ~[na:na]
	at java.base/java.net.Socket.connect(Unknown Source) ~[na:na]
	at java.base/sun.net.NetworkClient.doConnect(Unknown Source) ~[na:na]
	at java.base/sun.net.www.http.HttpClient.openServer(Unknown Source) ~[na:na]
	at java.base/sun.net.www.http.HttpClient.openServer(Unknown Source) ~[na:na]
	at java.base/sun.net.www.http.HttpClient.<init>(Unknown Source) ~[na:na]
	at java.base/sun.net.www.http.HttpClient.New(Unknown Source) ~[na:na]
	at java.base/sun.net.www.http.HttpClient.New(Unknown Source) ~[na:na]
	at java.base/sun.net.www.protocol.http.HttpURLConnection.getNewHttpClient(Unknown Source) ~[na:na]
	at java.base/sun.net.www.protocol.http.HttpURLConnection.plainConnect0(Unknown Source) ~[na:na]
	at java.base/sun.net.www.protocol.http.HttpURLConnection.plainConnect(Unknown Source) ~[na:na]
	at java.base/sun.net.www.protocol.http.HttpURLConnection.connect(Unknown Source) ~[na:na]
	at com.xxl.job.core.util.XxlJobRemotingUtil.postBody(XxlJobRemotingUtil.java:99) ~[xxl-job-core-2.4.1.jar!/:na]
	at com.xxl.job.core.biz.client.AdminBizClient.registry(AdminBizClient.java:42) ~[xxl-job-core-2.4.1.jar!/:na]
	at com.xxl.job.core.thread.ExecutorRegistryThread$1.run(ExecutorRegistryThread.java:48) ~[xxl-job-core-2.4.1.jar!/:na]
	at java.base/java.lang.Thread.run(Unknown Source) ~[na:na]

2026-06-07T01:01:24.474+08:00  INFO 46980 --- [strategy-service] [rRegistryThread] c.x.j.c.thread.ExecutorRegistryThread    : >>>>>>>>>>> xxl-job registry fail, registryParam:RegistryParam{registryGroup='EXECUTOR', registryKey='strategy-service', registryValue='http://192.168.1.4:9993/'}, registryResult:ReturnT [code=500, msg=xxl-job remoting error(Connection refused: getsockopt), for url : http://localhost:8088/xxl-job-admin/api/registry, content=null]
2026-06-07T01:01:54.502+08:00 ERROR 46980 --- [strategy-service] [rRegistryThread] c.xxl.job.core.util.XxlJobRemotingUtil   : Connection refused: getsockopt

java.net.ConnectException: Connection refused: getsockopt
	at java.base/sun.nio.ch.Net.pollConnect(Native Method) ~[na:na]
	at java.base/sun.nio.ch.Net.pollConnectNow(Unknown Source) ~[na:na]
	at java.base/sun.nio.ch.NioSocketImpl.timedFinishConnect(Unknown Source) ~[na:na]
	at java.base/sun.nio.ch.NioSocketImpl.connect(Unknown Source) ~[na:na]
	at java.base/java.net.Socket.connect(Unknown Source) ~[na:na]
	at java.base/sun.net.NetworkClient.doConnect(Unknown Source) ~[na:na]
	at java.base/sun.net.www.http.HttpClient.openServer(Unknown Source) ~[na:na]
	at java.base/sun.net.www.http.HttpClient.openServer(Unknown Source) ~[na:na]
	at java.base/sun.net.www.http.HttpClient.<init>(Unknown Source) ~[na:na]
	at java.base/sun.net.www.http.HttpClient.New(Unknown Source) ~[na:na]
	at java.base/sun.net.www.http.HttpClient.New(Unknown Source) ~[na:na]
	at java.base/sun.net.www.protocol.http.HttpURLConnection.getNewHttpClient(Unknown Source) ~[na:na]
	at java.base/sun.net.www.protocol.http.HttpURLConnection.plainConnect0(Unknown Source) ~[na:na]
	at java.base/sun.net.www.protocol.http.HttpURLConnection.plainConnect(Unknown Source) ~[na:na]
	at java.base/sun.net.www.protocol.http.HttpURLConnection.connect(Unknown Source) ~[na:na]
	at com.xxl.job.core.util.XxlJobRemotingUtil.postBody(XxlJobRemotingUtil.java:99) ~[xxl-job-core-2.4.1.jar!/:na]
	at com.xxl.job.core.biz.client.AdminBizClient.registry(AdminBizClient.java:42) ~[xxl-job-core-2.4.1.jar!/:na]
	at com.xxl.job.core.thread.ExecutorRegistryThread$1.run(ExecutorRegistryThread.java:48) ~[xxl-job-core-2.4.1.jar!/:na]
	at java.base/java.lang.Thread.run(Unknown Source) ~[na:na]

2026-06-07T01:01:54.507+08:00  INFO 46980 --- [strategy-service] [rRegistryThread] c.x.j.c.thread.ExecutorRegistryThread    : >>>>>>>>>>> xxl-job registry fail, registryParam:RegistryParam{registryGroup='EXECUTOR', registryKey='strategy-service', registryValue='http://192.168.1.4:9993/'}, registryResult:ReturnT [code=500, msg=xxl-job remoting error(Connection refused: getsockopt), for url : http://localhost:8088/xxl-job-admin/api/registry, content=null]
2026-06-07T01:02:24.511+08:00 ERROR 46980 --- [strategy-service] [rRegistryThread] c.xxl.job.core.util.XxlJobRemotingUtil   : Connection refused: getsockopt

java.net.ConnectException: Connection refused: getsockopt
	at java.base/sun.nio.ch.Net.pollConnect(Native Method) ~[na:na]
	at java.base/sun.nio.ch.Net.pollConnectNow(Unknown Source) ~[na:na]
	at java.base/sun.nio.ch.NioSocketImpl.timedFinishConnect(Unknown Source) ~[na:na]
	at java.base/sun.nio.ch.NioSocketImpl.connect(Unknown Source) ~[na:na]
	at java.base/java.net.Socket.connect(Unknown Source) ~[na:na]
	at java.base/sun.net.NetworkClient.doConnect(Unknown Source) ~[na:na]
	at java.base/sun.net.www.http.HttpClient.openServer(Unknown Source) ~[na:na]
	at java.base/sun.net.www.http.HttpClient.openServer(Unknown Source) ~[na:na]
	at java.base/sun.net.www.http.HttpClient.<init>(Unknown Source) ~[na:na]
	at java.base/sun.net.www.http.HttpClient.New(Unknown Source) ~[na:na]
	at java.base/sun.net.www.http.HttpClient.New(Unknown Source) ~[na:na]
	at java.base/sun.net.www.protocol.http.HttpURLConnection.getNewHttpClient(Unknown Source) ~[na:na]
	at java.base/sun.net.www.protocol.http.HttpURLConnection.plainConnect0(Unknown Source) ~[na:na]
	at java.base/sun.net.www.protocol.http.HttpURLConnection.plainConnect(Unknown Source) ~[na:na]
	at java.base/sun.net.www.protocol.http.HttpURLConnection.connect(Unknown Source) ~[na:na]
	at com.xxl.job.core.util.XxlJobRemotingUtil.postBody(XxlJobRemotingUtil.java:99) ~[xxl-job-core-2.4.1.jar!/:na]
	at com.xxl.job.core.biz.client.AdminBizClient.registry(AdminBizClient.java:42) ~[xxl-job-core-2.4.1.jar!/:na]
	at com.xxl.job.core.thread.ExecutorRegistryThread$1.run(ExecutorRegistryThread.java:48) ~[xxl-job-core-2.4.1.jar!/:na]
	at java.base/java.lang.Thread.run(Unknown Source) ~[na:na]

2026-06-07T01:02:24.512+08:00  INFO 46980 --- [strategy-service] [rRegistryThread] c.x.j.c.thread.ExecutorRegistryThread    : >>>>>>>>>>> xxl-job registry fail, registryParam:RegistryParam{registryGroup='EXECUTOR', registryKey='strategy-service', registryValue='http://192.168.1.4:9993/'}, registryResult:ReturnT [code=500, msg=xxl-job remoting error(Connection refused: getsockopt), for url : http://localhost:8088/xxl-job-admin/api/registry, content=null]
2026-06-07T01:02:54.521+08:00 ERROR 46980 --- [strategy-service] [rRegistryThread] c.xxl.job.core.util.XxlJobRemotingUtil   : Connection refused: getsockopt

java.net.ConnectException: Connection refused: getsockopt
	at java.base/sun.nio.ch.Net.pollConnect(Native Method) ~[na:na]
	at java.base/sun.nio.ch.Net.pollConnectNow(Unknown Source) ~[na:na]
	at java.base/sun.nio.ch.NioSocketImpl.timedFinishConnect(Unknown Source) ~[na:na]
	at java.base/sun.nio.ch.NioSocketImpl.connect(Unknown Source) ~[na:na]
	at java.base/java.net.Socket.connect(Unknown Source) ~[na:na]
	at java.base/sun.net.NetworkClient.doConnect(Unknown Source) ~[na:na]
	at java.base/sun.net.www.http.HttpClient.openServer(Unknown Source) ~[na:na]
	at java.base/sun.net.www.http.HttpClient.openServer(Unknown Source) ~[na:na]
	at java.base/sun.net.www.http.HttpClient.<init>(Unknown Source) ~[na:na]
	at java.base/sun.net.www.http.HttpClient.New(Unknown Source) ~[na:na]
	at java.base/sun.net.www.http.HttpClient.New(Unknown Source) ~[na:na]
	at java.base/sun.net.www.protocol.http.HttpURLConnection.getNewHttpClient(Unknown Source) ~[na:na]
	at java.base/sun.net.www.protocol.http.HttpURLConnection.plainConnect0(Unknown Source) ~[na:na]
	at java.base/sun.net.www.protocol.http.HttpURLConnection.plainConnect(Unknown Source) ~[na:na]
	at java.base/sun.net.www.protocol.http.HttpURLConnection.connect(Unknown Source) ~[na:na]
	at com.xxl.job.core.util.XxlJobRemotingUtil.postBody(XxlJobRemotingUtil.java:99) ~[xxl-job-core-2.4.1.jar!/:na]
	at com.xxl.job.core.biz.client.AdminBizClient.registry(AdminBizClient.java:42) ~[xxl-job-core-2.4.1.jar!/:na]
	at com.xxl.job.core.thread.ExecutorRegistryThread$1.run(ExecutorRegistryThread.java:48) ~[xxl-job-core-2.4.1.jar!/:na]
	at java.base/java.lang.Thread.run(Unknown Source) ~[na:na]

2026-06-07T01:02:54.524+08:00  INFO 46980 --- [strategy-service] [rRegistryThread] c.x.j.c.thread.ExecutorRegistryThread    : >>>>>>>>>>> xxl-job registry fail, registryParam:RegistryParam{registryGroup='EXECUTOR', registryKey='strategy-service', registryValue='http://192.168.1.4:9993/'}, registryResult:ReturnT [code=500, msg=xxl-job remoting error(Connection refused: getsockopt), for url : http://localhost:8088/xxl-job-admin/api/registry, content=null]
2026-06-07T01:03:24.533+08:00 ERROR 46980 --- [strategy-service] [rRegistryThread] c.xxl.job.core.util.XxlJobRemotingUtil   : Connection refused: getsockopt

java.net.ConnectException: Connection refused: getsockopt
	at java.base/sun.nio.ch.Net.pollConnect(Native Method) ~[na:na]
	at java.base/sun.nio.ch.Net.pollConnectNow(Unknown Source) ~[na:na]
	at java.base/sun.nio.ch.NioSocketImpl.timedFinishConnect(Unknown Source) ~[na:na]
	at java.base/sun.nio.ch.NioSocketImpl.connect(Unknown Source) ~[na:na]
	at java.base/java.net.Socket.connect(Unknown Source) ~[na:na]
	at java.base/sun.net.NetworkClient.doConnect(Unknown Source) ~[na:na]
	at java.base/sun.net.www.http.HttpClient.openServer(Unknown Source) ~[na:na]
	at java.base/sun.net.www.http.HttpClient.openServer(Unknown Source) ~[na:na]
	at java.base/sun.net.www.http.HttpClient.<init>(Unknown Source) ~[na:na]
	at java.base/sun.net.www.http.HttpClient.New(Unknown Source) ~[na:na]
	at java.base/sun.net.www.http.HttpClient.New(Unknown Source) ~[na:na]
	at java.base/sun.net.www.protocol.http.HttpURLConnection.getNewHttpClient(Unknown Source) ~[na:na]
	at java.base/sun.net.www.protocol.http.HttpURLConnection.plainConnect0(Unknown Source) ~[na:na]
	at java.base/sun.net.www.protocol.http.HttpURLConnection.plainConnect(Unknown Source) ~[na:na]
	at java.base/sun.net.www.protocol.http.HttpURLConnection.connect(Unknown Source) ~[na:na]
	at com.xxl.job.core.util.XxlJobRemotingUtil.postBody(XxlJobRemotingUtil.java:99) ~[xxl-job-core-2.4.1.jar!/:na]
	at com.xxl.job.core.biz.client.AdminBizClient.registry(AdminBizClient.java:42) ~[xxl-job-core-2.4.1.jar!/:na]
	at com.xxl.job.core.thread.ExecutorRegistryThread$1.run(ExecutorRegistryThread.java:48) ~[xxl-job-core-2.4.1.jar!/:na]
	at java.base/java.lang.Thread.run(Unknown Source) ~[na:na]

2026-06-07T01:03:24.542+08:00  INFO 46980 --- [strategy-service] [rRegistryThread] c.x.j.c.thread.ExecutorRegistryThread    : >>>>>>>>>>> xxl-job registry fail, registryParam:RegistryParam{registryGroup='EXECUTOR', registryKey='strategy-service', registryValue='http://192.168.1.4:9993/'}, registryResult:ReturnT [code=500, msg=xxl-job remoting error(Connection refused: getsockopt), for url : http://localhost:8088/xxl-job-admin/api/registry, content=null]
2026-06-07T01:03:54.547+08:00 ERROR 46980 --- [strategy-service] [rRegistryThread] c.xxl.job.core.util.XxlJobRemotingUtil   : Connection refused: getsockopt

java.net.ConnectException: Connection refused: getsockopt
	at java.base/sun.nio.ch.Net.pollConnect(Native Method) ~[na:na]
	at java.base/sun.nio.ch.Net.pollConnectNow(Unknown Source) ~[na:na]
	at java.base/sun.nio.ch.NioSocketImpl.timedFinishConnect(Unknown Source) ~[na:na]
	at java.base/sun.nio.ch.NioSocketImpl.connect(Unknown Source) ~[na:na]
	at java.base/java.net.Socket.connect(Unknown Source) ~[na:na]
	at java.base/sun.net.NetworkClient.doConnect(Unknown Source) ~[na:na]
	at java.base/sun.net.www.http.HttpClient.openServer(Unknown Source) ~[na:na]
	at java.base/sun.net.www.http.HttpClient.openServer(Unknown Source) ~[na:na]
	at java.base/sun.net.www.http.HttpClient.<init>(Unknown Source) ~[na:na]
	at java.base/sun.net.www.http.HttpClient.New(Unknown Source) ~[na:na]
	at java.base/sun.net.www.http.HttpClient.New(Unknown Source) ~[na:na]
	at java.base/sun.net.www.protocol.http.HttpURLConnection.getNewHttpClient(Unknown Source) ~[na:na]
	at java.base/sun.net.www.protocol.http.HttpURLConnection.plainConnect0(Unknown Source) ~[na:na]
	at java.base/sun.net.www.protocol.http.HttpURLConnection.plainConnect(Unknown Source) ~[na:na]
	at java.base/sun.net.www.protocol.http.HttpURLConnection.connect(Unknown Source) ~[na:na]
	at com.xxl.job.core.util.XxlJobRemotingUtil.postBody(XxlJobRemotingUtil.java:99) ~[xxl-job-core-2.4.1.jar!/:na]
	at com.xxl.job.core.biz.client.AdminBizClient.registry(AdminBizClient.java:42) ~[xxl-job-core-2.4.1.jar!/:na]
	at com.xxl.job.core.thread.ExecutorRegistryThread$1.run(ExecutorRegistryThread.java:48) ~[xxl-job-core-2.4.1.jar!/:na]
	at java.base/java.lang.Thread.run(Unknown Source) ~[na:na]

2026-06-07T01:03:54.551+08:00  INFO 46980 --- [strategy-service] [rRegistryThread] c.x.j.c.thread.ExecutorRegistryThread    : >>>>>>>>>>> xxl-job registry fail, registryParam:RegistryParam{registryGroup='EXECUTOR', registryKey='strategy-service', registryValue='http://192.168.1.4:9993/'}, registryResult:ReturnT [code=500, msg=xxl-job remoting error(Connection refused: getsockopt), for url : http://localhost:8088/xxl-job-admin/api/registry, content=null]
2026-06-07T01:04:24.556+08:00 ERROR 46980 --- [strategy-service] [rRegistryThread] c.xxl.job.core.util.XxlJobRemotingUtil   : Connection refused: getsockopt

java.net.ConnectException: Connection refused: getsockopt
	at java.base/sun.nio.ch.Net.pollConnect(Native Method) ~[na:na]
	at java.base/sun.nio.ch.Net.pollConnectNow(Unknown Source) ~[na:na]
	at java.base/sun.nio.ch.NioSocketImpl.timedFinishConnect(Unknown Source) ~[na:na]
	at java.base/sun.nio.ch.NioSocketImpl.connect(Unknown Source) ~[na:na]
	at java.base/java.net.Socket.connect(Unknown Source) ~[na:na]
	at java.base/sun.net.NetworkClient.doConnect(Unknown Source) ~[na:na]
	at java.base/sun.net.www.http.HttpClient.openServer(Unknown Source) ~[na:na]
	at java.base/sun.net.www.http.HttpClient.openServer(Unknown Source) ~[na:na]
	at java.base/sun.net.www.http.HttpClient.<init>(Unknown Source) ~[na:na]
	at java.base/sun.net.www.http.HttpClient.New(Unknown Source) ~[na:na]
	at java.base/sun.net.www.http.HttpClient.New(Unknown Source) ~[na:na]
	at java.base/sun.net.www.protocol.http.HttpURLConnection.getNewHttpClient(Unknown Source) ~[na:na]
	at java.base/sun.net.www.protocol.http.HttpURLConnection.plainConnect0(Unknown Source) ~[na:na]
	at java.base/sun.net.www.protocol.http.HttpURLConnection.plainConnect(Unknown Source) ~[na:na]
	at java.base/sun.net.www.protocol.http.HttpURLConnection.connect(Unknown Source) ~[na:na]
	at com.xxl.job.core.util.XxlJobRemotingUtil.postBody(XxlJobRemotingUtil.java:99) ~[xxl-job-core-2.4.1.jar!/:na]
	at com.xxl.job.core.biz.client.AdminBizClient.registry(AdminBizClient.java:42) ~[xxl-job-core-2.4.1.jar!/:na]
	at com.xxl.job.core.thread.ExecutorRegistryThread$1.run(ExecutorRegistryThread.java:48) ~[xxl-job-core-2.4.1.jar!/:na]
	at java.base/java.lang.Thread.run(Unknown Source) ~[na:na]

2026-06-07T01:04:24.560+08:00  INFO 46980 --- [strategy-service] [rRegistryThread] c.x.j.c.thread.ExecutorRegistryThread    : >>>>>>>>>>> xxl-job registry fail, registryParam:RegistryParam{registryGroup='EXECUTOR', registryKey='strategy-service', registryValue='http://192.168.1.4:9993/'}, registryResult:ReturnT [code=500, msg=xxl-job remoting error(Connection refused: getsockopt), for url : http://localhost:8088/xxl-job-admin/api/registry, content=null]
2026-06-07T01:04:54.564+08:00 ERROR 46980 --- [strategy-service] [rRegistryThread] c.xxl.job.core.util.XxlJobRemotingUtil   : Connection refused: getsockopt

java.net.ConnectException: Connection refused: getsockopt
	at java.base/sun.nio.ch.Net.pollConnect(Native Method) ~[na:na]
	at java.base/sun.nio.ch.Net.pollConnectNow(Unknown Source) ~[na:na]
	at java.base/sun.nio.ch.NioSocketImpl.timedFinishConnect(Unknown Source) ~[na:na]
	at java.base/sun.nio.ch.NioSocketImpl.connect(Unknown Source) ~[na:na]
	at java.base/java.net.Socket.connect(Unknown Source) ~[na:na]
	at java.base/sun.net.NetworkClient.doConnect(Unknown Source) ~[na:na]
	at java.base/sun.net.www.http.HttpClient.openServer(Unknown Source) ~[na:na]
	at java.base/sun.net.www.http.HttpClient.openServer(Unknown Source) ~[na:na]
	at java.base/sun.net.www.http.HttpClient.<init>(Unknown Source) ~[na:na]
	at java.base/sun.net.www.http.HttpClient.New(Unknown Source) ~[na:na]
	at java.base/sun.net.www.http.HttpClient.New(Unknown Source) ~[na:na]
	at java.base/sun.net.www.protocol.http.HttpURLConnection.getNewHttpClient(Unknown Source) ~[na:na]
	at java.base/sun.net.www.protocol.http.HttpURLConnection.plainConnect0(Unknown Source) ~[na:na]
	at java.base/sun.net.www.protocol.http.HttpURLConnection.plainConnect(Unknown Source) ~[na:na]
	at java.base/sun.net.www.protocol.http.HttpURLConnection.connect(Unknown Source) ~[na:na]
	at com.xxl.job.core.util.XxlJobRemotingUtil.postBody(XxlJobRemotingUtil.java:99) ~[xxl-job-core-2.4.1.jar!/:na]
	at com.xxl.job.core.biz.client.AdminBizClient.registry(AdminBizClient.java:42) ~[xxl-job-core-2.4.1.jar!/:na]
	at com.xxl.job.core.thread.ExecutorRegistryThread$1.run(ExecutorRegistryThread.java:48) ~[xxl-job-core-2.4.1.jar!/:na]
	at java.base/java.lang.Thread.run(Unknown Source) ~[na:na]

2026-06-07T01:04:54.565+08:00  INFO 46980 --- [strategy-service] [rRegistryThread] c.x.j.c.thread.ExecutorRegistryThread    : >>>>>>>>>>> xxl-job registry fail, registryParam:RegistryParam{registryGroup='EXECUTOR', registryKey='strategy-service', registryValue='http://192.168.1.4:9993/'}, registryResult:ReturnT [code=500, msg=xxl-job remoting error(Connection refused: getsockopt), for url : http://localhost:8088/xxl-job-admin/api/registry, content=null]
2026-06-07T01:05:24.570+08:00 ERROR 46980 --- [strategy-service] [rRegistryThread] c.xxl.job.core.util.XxlJobRemotingUtil   : Connection refused: getsockopt

java.net.ConnectException: Connection refused: getsockopt
	at java.base/sun.nio.ch.Net.pollConnect(Native Method) ~[na:na]
	at java.base/sun.nio.ch.Net.pollConnectNow(Unknown Source) ~[na:na]
	at java.base/sun.nio.ch.NioSocketImpl.timedFinishConnect(Unknown Source) ~[na:na]
	at java.base/sun.nio.ch.NioSocketImpl.connect(Unknown Source) ~[na:na]
	at java.base/java.net.Socket.connect(Unknown Source) ~[na:na]
	at java.base/sun.net.NetworkClient.doConnect(Unknown Source) ~[na:na]
	at java.base/sun.net.www.http.HttpClient.openServer(Unknown Source) ~[na:na]
	at java.base/sun.net.www.http.HttpClient.openServer(Unknown Source) ~[na:na]
	at java.base/sun.net.www.http.HttpClient.<init>(Unknown Source) ~[na:na]
	at java.base/sun.net.www.http.HttpClient.New(Unknown Source) ~[na:na]
	at java.base/sun.net.www.http.HttpClient.New(Unknown Source) ~[na:na]
	at java.base/sun.net.www.protocol.http.HttpURLConnection.getNewHttpClient(Unknown Source) ~[na:na]
	at java.base/sun.net.www.protocol.http.HttpURLConnection.plainConnect0(Unknown Source) ~[na:na]
	at java.base/sun.net.www.protocol.http.HttpURLConnection.plainConnect(Unknown Source) ~[na:na]
	at java.base/sun.net.www.protocol.http.HttpURLConnection.connect(Unknown Source) ~[na:na]
	at com.xxl.job.core.util.XxlJobRemotingUtil.postBody(XxlJobRemotingUtil.java:99) ~[xxl-job-core-2.4.1.jar!/:na]
	at com.xxl.job.core.biz.client.AdminBizClient.registry(AdminBizClient.java:42) ~[xxl-job-core-2.4.1.jar!/:na]
	at com.xxl.job.core.thread.ExecutorRegistryThread$1.run(ExecutorRegistryThread.java:48) ~[xxl-job-core-2.4.1.jar!/:na]
	at java.base/java.lang.Thread.run(Unknown Source) ~[na:na]

2026-06-07T01:05:24.572+08:00  INFO 46980 --- [strategy-service] [rRegistryThread] c.x.j.c.thread.ExecutorRegistryThread    : >>>>>>>>>>> xxl-job registry fail, registryParam:RegistryParam{registryGroup='EXECUTOR', registryKey='strategy-service', registryValue='http://192.168.1.4:9993/'}, registryResult:ReturnT [code=500, msg=xxl-job remoting error(Connection refused: getsockopt), for url : http://localhost:8088/xxl-job-admin/api/registry, content=null]
2026-06-07T01:05:54.576+08:00 ERROR 46980 --- [strategy-service] [rRegistryThread] c.xxl.job.core.util.XxlJobRemotingUtil   : Connection refused: getsockopt

java.net.ConnectException: Connection refused: getsockopt
	at java.base/sun.nio.ch.Net.pollConnect(Native Method) ~[na:na]
	at java.base/sun.nio.ch.Net.pollConnectNow(Unknown Source) ~[na:na]
	at java.base/sun.nio.ch.NioSocketImpl.timedFinishConnect(Unknown Source) ~[na:na]
	at java.base/sun.nio.ch.NioSocketImpl.connect(Unknown Source) ~[na:na]
	at java.base/java.net.Socket.connect(Unknown Source) ~[na:na]
	at java.base/sun.net.NetworkClient.doConnect(Unknown Source) ~[na:na]
	at java.base/sun.net.www.http.HttpClient.openServer(Unknown Source) ~[na:na]
	at java.base/sun.net.www.http.HttpClient.openServer(Unknown Source) ~[na:na]
	at java.base/sun.net.www.http.HttpClient.<init>(Unknown Source) ~[na:na]
	at java.base/sun.net.www.http.HttpClient.New(Unknown Source) ~[na:na]
	at java.base/sun.net.www.http.HttpClient.New(Unknown Source) ~[na:na]
	at java.base/sun.net.www.protocol.http.HttpURLConnection.getNewHttpClient(Unknown Source) ~[na:na]
	at java.base/sun.net.www.protocol.http.HttpURLConnection.plainConnect0(Unknown Source) ~[na:na]
	at java.base/sun.net.www.protocol.http.HttpURLConnection.plainConnect(Unknown Source) ~[na:na]
	at java.base/sun.net.www.protocol.http.HttpURLConnection.connect(Unknown Source) ~[na:na]
	at com.xxl.job.core.util.XxlJobRemotingUtil.postBody(XxlJobRemotingUtil.java:99) ~[xxl-job-core-2.4.1.jar!/:na]
	at com.xxl.job.core.biz.client.AdminBizClient.registry(AdminBizClient.java:42) ~[xxl-job-core-2.4.1.jar!/:na]
	at com.xxl.job.core.thread.ExecutorRegistryThread$1.run(ExecutorRegistryThread.java:48) ~[xxl-job-core-2.4.1.jar!/:na]
	at java.base/java.lang.Thread.run(Unknown Source) ~[na:na]

2026-06-07T01:05:54.577+08:00  INFO 46980 --- [strategy-service] [rRegistryThread] c.x.j.c.thread.ExecutorRegistryThread    : >>>>>>>>>>> xxl-job registry fail, registryParam:RegistryParam{registryGroup='EXECUTOR', registryKey='strategy-service', registryValue='http://192.168.1.4:9993/'}, registryResult:ReturnT [code=500, msg=xxl-job remoting error(Connection refused: getsockopt), for url : http://localhost:8088/xxl-job-admin/api/registry, content=null]
2026-06-07T01:06:24.598+08:00 ERROR 46980 --- [strategy-service] [rRegistryThread] c.xxl.job.core.util.XxlJobRemotingUtil   : Connection refused: getsockopt

java.net.ConnectException: Connection refused: getsockopt
	at java.base/sun.nio.ch.Net.pollConnect(Native Method) ~[na:na]
	at java.base/sun.nio.ch.Net.pollConnectNow(Unknown Source) ~[na:na]
	at java.base/sun.nio.ch.NioSocketImpl.timedFinishConnect(Unknown Source) ~[na:na]
	at java.base/sun.nio.ch.NioSocketImpl.connect(Unknown Source) ~[na:na]
	at java.base/java.net.Socket.connect(Unknown Source) ~[na:na]
	at java.base/sun.net.NetworkClient.doConnect(Unknown Source) ~[na:na]
	at java.base/sun.net.www.http.HttpClient.openServer(Unknown Source) ~[na:na]
	at java.base/sun.net.www.http.HttpClient.openServer(Unknown Source) ~[na:na]
	at java.base/sun.net.www.http.HttpClient.<init>(Unknown Source) ~[na:na]
	at java.base/sun.net.www.http.HttpClient.New(Unknown Source) ~[na:na]
	at java.base/sun.net.www.http.HttpClient.New(Unknown Source) ~[na:na]
	at java.base/sun.net.www.protocol.http.HttpURLConnection.getNewHttpClient(Unknown Source) ~[na:na]
	at java.base/sun.net.www.protocol.http.HttpURLConnection.plainConnect0(Unknown Source) ~[na:na]
	at java.base/sun.net.www.protocol.http.HttpURLConnection.plainConnect(Unknown Source) ~[na:na]
	at java.base/sun.net.www.protocol.http.HttpURLConnection.connect(Unknown Source) ~[na:na]
	at com.xxl.job.core.util.XxlJobRemotingUtil.postBody(XxlJobRemotingUtil.java:99) ~[xxl-job-core-2.4.1.jar!/:na]
	at com.xxl.job.core.biz.client.AdminBizClient.registry(AdminBizClient.java:42) ~[xxl-job-core-2.4.1.jar!/:na]
	at com.xxl.job.core.thread.ExecutorRegistryThread$1.run(ExecutorRegistryThread.java:48) ~[xxl-job-core-2.4.1.jar!/:na]
	at java.base/java.lang.Thread.run(Unknown Source) ~[na:na]

2026-06-07T01:06:24.599+08:00  INFO 46980 --- [strategy-service] [rRegistryThread] c.x.j.c.thread.ExecutorRegistryThread    : >>>>>>>>>>> xxl-job registry fail, registryParam:RegistryParam{registryGroup='EXECUTOR', registryKey='strategy-service', registryValue='http://192.168.1.4:9993/'}, registryResult:ReturnT [code=500, msg=xxl-job remoting error(Connection refused: getsockopt), for url : http://localhost:8088/xxl-job-admin/api/registry, content=null]
