
  .   ____          _            __ _ _
 /\\ / ___'_ __ _ _(_)_ __  __ _ \ \ \ \
( ( )\___ | '_ | '_| | '_ \/ _` | \ \ \ \
 \\/  ___)| |_)| | | | | || (_| |  ) ) ) )
  '  |____| .__|_| |_|_| |_\__, | / / / /
 =========|_|==============|___/=/_/_/_/
 :: Spring Boot ::                (v3.2.5)

2026-06-07T01:00:54.851+08:00  INFO 45972 --- [factor-engine-service] [           main] c.quant.factor.FactorEngineApplication   : Starting FactorEngineApplication using Java 21.0.10 with PID 45972 (C:\Users\wangw\ai-quant-stock\services\factor-engine-service\target\factor-engine-service-1.0.0-SNAPSHOT.jar started by wangw in C:\Users\wangw\ai-quant-stock)
2026-06-07T01:00:54.856+08:00  INFO 45972 --- [factor-engine-service] [           main] c.quant.factor.FactorEngineApplication   : No active profile set, falling back to 1 default profile: "default"
2026-06-07T01:00:56.478+08:00  INFO 45972 --- [factor-engine-service] [           main] .s.d.r.c.RepositoryConfigurationDelegate : Multiple Spring Data modules found, entering strict repository configuration mode
2026-06-07T01:00:56.486+08:00  INFO 45972 --- [factor-engine-service] [           main] .s.d.r.c.RepositoryConfigurationDelegate : Bootstrapping Spring Data Redis repositories in DEFAULT mode.
2026-06-07T01:00:56.518+08:00  INFO 45972 --- [factor-engine-service] [           main] .s.d.r.c.RepositoryConfigurationDelegate : Finished Spring Data repository scanning in 8 ms. Found 0 Redis repository interfaces.
2026-06-07T01:00:56.677+08:00  WARN 45972 --- [factor-engine-service] [           main] o.m.s.mapper.ClassPathMapperScanner      : No MyBatis mapper was found in '[com.quant.factor]' package. Please check your configuration.
2026-06-07T01:00:57.942+08:00  INFO 45972 --- [factor-engine-service] [           main] o.s.b.w.embedded.tomcat.TomcatWebServer  : Tomcat initialized with port 8082 (http)
2026-06-07T01:00:57.970+08:00  INFO 45972 --- [factor-engine-service] [           main] o.apache.catalina.core.StandardService   : Starting service [Tomcat]
2026-06-07T01:00:57.970+08:00  INFO 45972 --- [factor-engine-service] [           main] o.apache.catalina.core.StandardEngine    : Starting Servlet engine: [Apache Tomcat/10.1.20]
2026-06-07T01:00:58.137+08:00  INFO 45972 --- [factor-engine-service] [           main] o.a.c.c.C.[Tomcat].[localhost].[/]       : Initializing Spring embedded WebApplicationContext
2026-06-07T01:00:58.139+08:00  INFO 45972 --- [factor-engine-service] [           main] w.s.c.ServletWebServerApplicationContext : Root WebApplicationContext: initialization completed in 2847 ms
 _ _   |_  _ _|_. ___ _ |    _ 
| | |\/|_)(_| | |_\  |_)||_|_\ 
     /               |         
                        3.5.6 
2026-06-07T01:01:00.400+08:00  INFO 45972 --- [factor-engine-service] [           main] c.xxl.job.core.executor.XxlJobExecutor   : >>>>>>>>>>> xxl-job register jobhandler success, name:calcIndicatorsJob, jobHandler:com.xxl.job.core.handler.impl.MethodJobHandler@cf10c92[class com.quant.factor.job.FactorJobHandler#calcIndicators]
2026-06-07T01:01:00.404+08:00  INFO 45972 --- [factor-engine-service] [           main] c.xxl.job.core.executor.XxlJobExecutor   : >>>>>>>>>>> xxl-job register jobhandler success, name:calcScoresJob, jobHandler:com.xxl.job.core.handler.impl.MethodJobHandler@191e654[class com.quant.factor.job.FactorJobHandler#calcScores]
2026-06-07T01:01:00.404+08:00  INFO 45972 --- [factor-engine-service] [           main] c.xxl.job.core.executor.XxlJobExecutor   : >>>>>>>>>>> xxl-job register jobhandler success, name:calcIndustryStrengthJob, jobHandler:com.xxl.job.core.handler.impl.MethodJobHandler@3a6556b6[class com.quant.factor.job.FactorJobHandler#calcIndustryStrength]
2026-06-07T01:01:01.119+08:00  INFO 45972 --- [factor-engine-service] [           main] o.s.b.w.embedded.tomcat.TomcatWebServer  : Tomcat started on port 8082 (http) with context path ''
2026-06-07T01:01:01.133+08:00  INFO 45972 --- [factor-engine-service] [           main] c.quant.factor.FactorEngineApplication   : Started FactorEngineApplication in 7.123 seconds (process running for 8.378)
2026-06-07T01:01:15.228+08:00  INFO 45972 --- [factor-engine-service] [       Thread-3] com.xxl.job.core.server.EmbedServer      : >>>>>>>>>>> xxl-job remoting server start success, nettype = class com.xxl.job.core.server.EmbedServer, port = 9992
2026-06-07T01:01:15.243+08:00 ERROR 45972 --- [factor-engine-service] [rRegistryThread] c.xxl.job.core.util.XxlJobRemotingUtil   : Connection refused: getsockopt

java.net.ConnectException: Connection refused: getsockopt
	at java.base/sun.nio.ch.Net.pollConnect(Native Method) ~[na:na]
	at java.base/sun.nio.ch.Net.pollConnectNow(Unknown Source) ~[na:na]
	at java.base/sun.nio.ch.NioSocketImpl.timedFinishConnect(Unknown Source) ~[na:na]
	at java.base/sun.nio.ch.NioSocketImpl.connect(Unknown Source) ~[na:na]
	at java.base/java.net.Socket.connect(Unknown Source) ~[na:na]
	at java.base/sun.net.NetworkClient.doConnect(Unknown Source) ~[na:na]
	at java.base/sun.net.www.http.HttpClient.openServer(Unknown Source) ~[na:na]
	at java.base/sun.net.www.http.HttpClient.openServer(Unknown Source) ~[na:na]
	at java.base/sun.net.www.http.HttpClient.<init>(Unknown Source) ~[na:na]
	at java.base/sun.net.www.http.HttpClient.New(Unknown Source) ~[na:na]
	at java.base/sun.net.www.http.HttpClient.New(Unknown Source) ~[na:na]
	at java.base/sun.net.www.protocol.http.HttpURLConnection.getNewHttpClient(Unknown Source) ~[na:na]
	at java.base/sun.net.www.protocol.http.HttpURLConnection.plainConnect0(Unknown Source) ~[na:na]
	at java.base/sun.net.www.protocol.http.HttpURLConnection.plainConnect(Unknown Source) ~[na:na]
	at java.base/sun.net.www.protocol.http.HttpURLConnection.connect(Unknown Source) ~[na:na]
	at com.xxl.job.core.util.XxlJobRemotingUtil.postBody(XxlJobRemotingUtil.java:99) ~[xxl-job-core-2.4.1.jar!/:na]
	at com.xxl.job.core.biz.client.AdminBizClient.registry(AdminBizClient.java:42) ~[xxl-job-core-2.4.1.jar!/:na]
	at com.xxl.job.core.thread.ExecutorRegistryThread$1.run(ExecutorRegistryThread.java:48) ~[xxl-job-core-2.4.1.jar!/:na]
	at java.base/java.lang.Thread.run(Unknown Source) ~[na:na]

2026-06-07T01:01:15.251+08:00  INFO 45972 --- [factor-engine-service] [rRegistryThread] c.x.j.c.thread.ExecutorRegistryThread    : >>>>>>>>>>> xxl-job registry fail, registryParam:RegistryParam{registryGroup='EXECUTOR', registryKey='factor-engine-service', registryValue='http://192.168.1.4:9992/'}, registryResult:ReturnT [code=500, msg=xxl-job remoting error(Connection refused: getsockopt), for url : http://localhost:8088/xxl-job-admin/api/registry, content=null]
2026-06-07T01:01:45.271+08:00 ERROR 45972 --- [factor-engine-service] [rRegistryThread] c.xxl.job.core.util.XxlJobRemotingUtil   : Connection refused: getsockopt

java.net.ConnectException: Connection refused: getsockopt
	at java.base/sun.nio.ch.Net.pollConnect(Native Method) ~[na:na]
	at java.base/sun.nio.ch.Net.pollConnectNow(Unknown Source) ~[na:na]
	at java.base/sun.nio.ch.NioSocketImpl.timedFinishConnect(Unknown Source) ~[na:na]
	at java.base/sun.nio.ch.NioSocketImpl.connect(Unknown Source) ~[na:na]
	at java.base/java.net.Socket.connect(Unknown Source) ~[na:na]
	at java.base/sun.net.NetworkClient.doConnect(Unknown Source) ~[na:na]
	at java.base/sun.net.www.http.HttpClient.openServer(Unknown Source) ~[na:na]
	at java.base/sun.net.www.http.HttpClient.openServer(Unknown Source) ~[na:na]
	at java.base/sun.net.www.http.HttpClient.<init>(Unknown Source) ~[na:na]
	at java.base/sun.net.www.http.HttpClient.New(Unknown Source) ~[na:na]
	at java.base/sun.net.www.http.HttpClient.New(Unknown Source) ~[na:na]
	at java.base/sun.net.www.protocol.http.HttpURLConnection.getNewHttpClient(Unknown Source) ~[na:na]
	at java.base/sun.net.www.protocol.http.HttpURLConnection.plainConnect0(Unknown Source) ~[na:na]
	at java.base/sun.net.www.protocol.http.HttpURLConnection.plainConnect(Unknown Source) ~[na:na]
	at java.base/sun.net.www.protocol.http.HttpURLConnection.connect(Unknown Source) ~[na:na]
	at com.xxl.job.core.util.XxlJobRemotingUtil.postBody(XxlJobRemotingUtil.java:99) ~[xxl-job-core-2.4.1.jar!/:na]
	at com.xxl.job.core.biz.client.AdminBizClient.registry(AdminBizClient.java:42) ~[xxl-job-core-2.4.1.jar!/:na]
	at com.xxl.job.core.thread.ExecutorRegistryThread$1.run(ExecutorRegistryThread.java:48) ~[xxl-job-core-2.4.1.jar!/:na]
	at java.base/java.lang.Thread.run(Unknown Source) ~[na:na]

2026-06-07T01:01:45.280+08:00  INFO 45972 --- [factor-engine-service] [rRegistryThread] c.x.j.c.thread.ExecutorRegistryThread    : >>>>>>>>>>> xxl-job registry fail, registryParam:RegistryParam{registryGroup='EXECUTOR', registryKey='factor-engine-service', registryValue='http://192.168.1.4:9992/'}, registryResult:ReturnT [code=500, msg=xxl-job remoting error(Connection refused: getsockopt), for url : http://localhost:8088/xxl-job-admin/api/registry, content=null]
2026-06-07T01:02:15.308+08:00 ERROR 45972 --- [factor-engine-service] [rRegistryThread] c.xxl.job.core.util.XxlJobRemotingUtil   : Connection refused: getsockopt

java.net.ConnectException: Connection refused: getsockopt
	at java.base/sun.nio.ch.Net.pollConnect(Native Method) ~[na:na]
	at java.base/sun.nio.ch.Net.pollConnectNow(Unknown Source) ~[na:na]
	at java.base/sun.nio.ch.NioSocketImpl.timedFinishConnect(Unknown Source) ~[na:na]
	at java.base/sun.nio.ch.NioSocketImpl.connect(Unknown Source) ~[na:na]
	at java.base/java.net.Socket.connect(Unknown Source) ~[na:na]
	at java.base/sun.net.NetworkClient.doConnect(Unknown Source) ~[na:na]
	at java.base/sun.net.www.http.HttpClient.openServer(Unknown Source) ~[na:na]
	at java.base/sun.net.www.http.HttpClient.openServer(Unknown Source) ~[na:na]
	at java.base/sun.net.www.http.HttpClient.<init>(Unknown Source) ~[na:na]
	at java.base/sun.net.www.http.HttpClient.New(Unknown Source) ~[na:na]
	at java.base/sun.net.www.http.HttpClient.New(Unknown Source) ~[na:na]
	at java.base/sun.net.www.protocol.http.HttpURLConnection.getNewHttpClient(Unknown Source) ~[na:na]
	at java.base/sun.net.www.protocol.http.HttpURLConnection.plainConnect0(Unknown Source) ~[na:na]
	at java.base/sun.net.www.protocol.http.HttpURLConnection.plainConnect(Unknown Source) ~[na:na]
	at java.base/sun.net.www.protocol.http.HttpURLConnection.connect(Unknown Source) ~[na:na]
	at com.xxl.job.core.util.XxlJobRemotingUtil.postBody(XxlJobRemotingUtil.java:99) ~[xxl-job-core-2.4.1.jar!/:na]
	at com.xxl.job.core.biz.client.AdminBizClient.registry(AdminBizClient.java:42) ~[xxl-job-core-2.4.1.jar!/:na]
	at com.xxl.job.core.thread.ExecutorRegistryThread$1.run(ExecutorRegistryThread.java:48) ~[xxl-job-core-2.4.1.jar!/:na]
	at java.base/java.lang.Thread.run(Unknown Source) ~[na:na]

2026-06-07T01:02:15.321+08:00  INFO 45972 --- [factor-engine-service] [rRegistryThread] c.x.j.c.thread.ExecutorRegistryThread    : >>>>>>>>>>> xxl-job registry fail, registryParam:RegistryParam{registryGroup='EXECUTOR', registryKey='factor-engine-service', registryValue='http://192.168.1.4:9992/'}, registryResult:ReturnT [code=500, msg=xxl-job remoting error(Connection refused: getsockopt), for url : http://localhost:8088/xxl-job-admin/api/registry, content=null]
2026-06-07T01:02:45.362+08:00 ERROR 45972 --- [factor-engine-service] [rRegistryThread] c.xxl.job.core.util.XxlJobRemotingUtil   : Connection refused: getsockopt

java.net.ConnectException: Connection refused: getsockopt
	at java.base/sun.nio.ch.Net.pollConnect(Native Method) ~[na:na]
	at java.base/sun.nio.ch.Net.pollConnectNow(Unknown Source) ~[na:na]
	at java.base/sun.nio.ch.NioSocketImpl.timedFinishConnect(Unknown Source) ~[na:na]
	at java.base/sun.nio.ch.NioSocketImpl.connect(Unknown Source) ~[na:na]
	at java.base/java.net.Socket.connect(Unknown Source) ~[na:na]
	at java.base/sun.net.NetworkClient.doConnect(Unknown Source) ~[na:na]
	at java.base/sun.net.www.http.HttpClient.openServer(Unknown Source) ~[na:na]
	at java.base/sun.net.www.http.HttpClient.openServer(Unknown Source) ~[na:na]
	at java.base/sun.net.www.http.HttpClient.<init>(Unknown Source) ~[na:na]
	at java.base/sun.net.www.http.HttpClient.New(Unknown Source) ~[na:na]
	at java.base/sun.net.www.http.HttpClient.New(Unknown Source) ~[na:na]
	at java.base/sun.net.www.protocol.http.HttpURLConnection.getNewHttpClient(Unknown Source) ~[na:na]
	at java.base/sun.net.www.protocol.http.HttpURLConnection.plainConnect0(Unknown Source) ~[na:na]
	at java.base/sun.net.www.protocol.http.HttpURLConnection.plainConnect(Unknown Source) ~[na:na]
	at java.base/sun.net.www.protocol.http.HttpURLConnection.connect(Unknown Source) ~[na:na]
	at com.xxl.job.core.util.XxlJobRemotingUtil.postBody(XxlJobRemotingUtil.java:99) ~[xxl-job-core-2.4.1.jar!/:na]
	at com.xxl.job.core.biz.client.AdminBizClient.registry(AdminBizClient.java:42) ~[xxl-job-core-2.4.1.jar!/:na]
	at com.xxl.job.core.thread.ExecutorRegistryThread$1.run(ExecutorRegistryThread.java:48) ~[xxl-job-core-2.4.1.jar!/:na]
	at java.base/java.lang.Thread.run(Unknown Source) ~[na:na]

2026-06-07T01:02:45.366+08:00  INFO 45972 --- [factor-engine-service] [rRegistryThread] c.x.j.c.thread.ExecutorRegistryThread    : >>>>>>>>>>> xxl-job registry fail, registryParam:RegistryParam{registryGroup='EXECUTOR', registryKey='factor-engine-service', registryValue='http://192.168.1.4:9992/'}, registryResult:ReturnT [code=500, msg=xxl-job remoting error(Connection refused: getsockopt), for url : http://localhost:8088/xxl-job-admin/api/registry, content=null]
2026-06-07T01:03:15.384+08:00 ERROR 45972 --- [factor-engine-service] [rRegistryThread] c.xxl.job.core.util.XxlJobRemotingUtil   : Connection refused: getsockopt

java.net.ConnectException: Connection refused: getsockopt
	at java.base/sun.nio.ch.Net.pollConnect(Native Method) ~[na:na]
	at java.base/sun.nio.ch.Net.pollConnectNow(Unknown Source) ~[na:na]
	at java.base/sun.nio.ch.NioSocketImpl.timedFinishConnect(Unknown Source) ~[na:na]
	at java.base/sun.nio.ch.NioSocketImpl.connect(Unknown Source) ~[na:na]
	at java.base/java.net.Socket.connect(Unknown Source) ~[na:na]
	at java.base/sun.net.NetworkClient.doConnect(Unknown Source) ~[na:na]
	at java.base/sun.net.www.http.HttpClient.openServer(Unknown Source) ~[na:na]
	at java.base/sun.net.www.http.HttpClient.openServer(Unknown Source) ~[na:na]
	at java.base/sun.net.www.http.HttpClient.<init>(Unknown Source) ~[na:na]
	at java.base/sun.net.www.http.HttpClient.New(Unknown Source) ~[na:na]
	at java.base/sun.net.www.http.HttpClient.New(Unknown Source) ~[na:na]
	at java.base/sun.net.www.protocol.http.HttpURLConnection.getNewHttpClient(Unknown Source) ~[na:na]
	at java.base/sun.net.www.protocol.http.HttpURLConnection.plainConnect0(Unknown Source) ~[na:na]
	at java.base/sun.net.www.protocol.http.HttpURLConnection.plainConnect(Unknown Source) ~[na:na]
	at java.base/sun.net.www.protocol.http.HttpURLConnection.connect(Unknown Source) ~[na:na]
	at com.xxl.job.core.util.XxlJobRemotingUtil.postBody(XxlJobRemotingUtil.java:99) ~[xxl-job-core-2.4.1.jar!/:na]
	at com.xxl.job.core.biz.client.AdminBizClient.registry(AdminBizClient.java:42) ~[xxl-job-core-2.4.1.jar!/:na]
	at com.xxl.job.core.thread.ExecutorRegistryThread$1.run(ExecutorRegistryThread.java:48) ~[xxl-job-core-2.4.1.jar!/:na]
	at java.base/java.lang.Thread.run(Unknown Source) ~[na:na]

2026-06-07T01:03:15.394+08:00  INFO 45972 --- [factor-engine-service] [rRegistryThread] c.x.j.c.thread.ExecutorRegistryThread    : >>>>>>>>>>> xxl-job registry fail, registryParam:RegistryParam{registryGroup='EXECUTOR', registryKey='factor-engine-service', registryValue='http://192.168.1.4:9992/'}, registryResult:ReturnT [code=500, msg=xxl-job remoting error(Connection refused: getsockopt), for url : http://localhost:8088/xxl-job-admin/api/registry, content=null]
2026-06-07T01:03:45.422+08:00 ERROR 45972 --- [factor-engine-service] [rRegistryThread] c.xxl.job.core.util.XxlJobRemotingUtil   : Connection refused: getsockopt

java.net.ConnectException: Connection refused: getsockopt
	at java.base/sun.nio.ch.Net.pollConnect(Native Method) ~[na:na]
	at java.base/sun.nio.ch.Net.pollConnectNow(Unknown Source) ~[na:na]
	at java.base/sun.nio.ch.NioSocketImpl.timedFinishConnect(Unknown Source) ~[na:na]
	at java.base/sun.nio.ch.NioSocketImpl.connect(Unknown Source) ~[na:na]
	at java.base/java.net.Socket.connect(Unknown Source) ~[na:na]
	at java.base/sun.net.NetworkClient.doConnect(Unknown Source) ~[na:na]
	at java.base/sun.net.www.http.HttpClient.openServer(Unknown Source) ~[na:na]
	at java.base/sun.net.www.http.HttpClient.openServer(Unknown Source) ~[na:na]
	at java.base/sun.net.www.http.HttpClient.<init>(Unknown Source) ~[na:na]
	at java.base/sun.net.www.http.HttpClient.New(Unknown Source) ~[na:na]
	at java.base/sun.net.www.http.HttpClient.New(Unknown Source) ~[na:na]
	at java.base/sun.net.www.protocol.http.HttpURLConnection.getNewHttpClient(Unknown Source) ~[na:na]
	at java.base/sun.net.www.protocol.http.HttpURLConnection.plainConnect0(Unknown Source) ~[na:na]
	at java.base/sun.net.www.protocol.http.HttpURLConnection.plainConnect(Unknown Source) ~[na:na]
	at java.base/sun.net.www.protocol.http.HttpURLConnection.connect(Unknown Source) ~[na:na]
	at com.xxl.job.core.util.XxlJobRemotingUtil.postBody(XxlJobRemotingUtil.java:99) ~[xxl-job-core-2.4.1.jar!/:na]
	at com.xxl.job.core.biz.client.AdminBizClient.registry(AdminBizClient.java:42) ~[xxl-job-core-2.4.1.jar!/:na]
	at com.xxl.job.core.thread.ExecutorRegistryThread$1.run(ExecutorRegistryThread.java:48) ~[xxl-job-core-2.4.1.jar!/:na]
	at java.base/java.lang.Thread.run(Unknown Source) ~[na:na]

2026-06-07T01:03:45.426+08:00  INFO 45972 --- [factor-engine-service] [rRegistryThread] c.x.j.c.thread.ExecutorRegistryThread    : >>>>>>>>>>> xxl-job registry fail, registryParam:RegistryParam{registryGroup='EXECUTOR', registryKey='factor-engine-service', registryValue='http://192.168.1.4:9992/'}, registryResult:ReturnT [code=500, msg=xxl-job remoting error(Connection refused: getsockopt), for url : http://localhost:8088/xxl-job-admin/api/registry, content=null]
2026-06-07T01:04:15.450+08:00 ERROR 45972 --- [factor-engine-service] [rRegistryThread] c.xxl.job.core.util.XxlJobRemotingUtil   : Connection refused: getsockopt

java.net.ConnectException: Connection refused: getsockopt
	at java.base/sun.nio.ch.Net.pollConnect(Native Method) ~[na:na]
	at java.base/sun.nio.ch.Net.pollConnectNow(Unknown Source) ~[na:na]
	at java.base/sun.nio.ch.NioSocketImpl.timedFinishConnect(Unknown Source) ~[na:na]
	at java.base/sun.nio.ch.NioSocketImpl.connect(Unknown Source) ~[na:na]
	at java.base/java.net.Socket.connect(Unknown Source) ~[na:na]
	at java.base/sun.net.NetworkClient.doConnect(Unknown Source) ~[na:na]
	at java.base/sun.net.www.http.HttpClient.openServer(Unknown Source) ~[na:na]
	at java.base/sun.net.www.http.HttpClient.openServer(Unknown Source) ~[na:na]
	at java.base/sun.net.www.http.HttpClient.<init>(Unknown Source) ~[na:na]
	at java.base/sun.net.www.http.HttpClient.New(Unknown Source) ~[na:na]
	at java.base/sun.net.www.http.HttpClient.New(Unknown Source) ~[na:na]
	at java.base/sun.net.www.protocol.http.HttpURLConnection.getNewHttpClient(Unknown Source) ~[na:na]
	at java.base/sun.net.www.protocol.http.HttpURLConnection.plainConnect0(Unknown Source) ~[na:na]
	at java.base/sun.net.www.protocol.http.HttpURLConnection.plainConnect(Unknown Source) ~[na:na]
	at java.base/sun.net.www.protocol.http.HttpURLConnection.connect(Unknown Source) ~[na:na]
	at com.xxl.job.core.util.XxlJobRemotingUtil.postBody(XxlJobRemotingUtil.java:99) ~[xxl-job-core-2.4.1.jar!/:na]
	at com.xxl.job.core.biz.client.AdminBizClient.registry(AdminBizClient.java:42) ~[xxl-job-core-2.4.1.jar!/:na]
	at com.xxl.job.core.thread.ExecutorRegistryThread$1.run(ExecutorRegistryThread.java:48) ~[xxl-job-core-2.4.1.jar!/:na]
	at java.base/java.lang.Thread.run(Unknown Source) ~[na:na]

2026-06-07T01:04:15.459+08:00  INFO 45972 --- [factor-engine-service] [rRegistryThread] c.x.j.c.thread.ExecutorRegistryThread    : >>>>>>>>>>> xxl-job registry fail, registryParam:RegistryParam{registryGroup='EXECUTOR', registryKey='factor-engine-service', registryValue='http://192.168.1.4:9992/'}, registryResult:ReturnT [code=500, msg=xxl-job remoting error(Connection refused: getsockopt), for url : http://localhost:8088/xxl-job-admin/api/registry, content=null]
2026-06-07T01:04:45.482+08:00 ERROR 45972 --- [factor-engine-service] [rRegistryThread] c.xxl.job.core.util.XxlJobRemotingUtil   : Connection refused: getsockopt

java.net.ConnectException: Connection refused: getsockopt
	at java.base/sun.nio.ch.Net.pollConnect(Native Method) ~[na:na]
	at java.base/sun.nio.ch.Net.pollConnectNow(Unknown Source) ~[na:na]
	at java.base/sun.nio.ch.NioSocketImpl.timedFinishConnect(Unknown Source) ~[na:na]
	at java.base/sun.nio.ch.NioSocketImpl.connect(Unknown Source) ~[na:na]
	at java.base/java.net.Socket.connect(Unknown Source) ~[na:na]
	at java.base/sun.net.NetworkClient.doConnect(Unknown Source) ~[na:na]
	at java.base/sun.net.www.http.HttpClient.openServer(Unknown Source) ~[na:na]
	at java.base/sun.net.www.http.HttpClient.openServer(Unknown Source) ~[na:na]
	at java.base/sun.net.www.http.HttpClient.<init>(Unknown Source) ~[na:na]
	at java.base/sun.net.www.http.HttpClient.New(Unknown Source) ~[na:na]
	at java.base/sun.net.www.http.HttpClient.New(Unknown Source) ~[na:na]
	at java.base/sun.net.www.protocol.http.HttpURLConnection.getNewHttpClient(Unknown Source) ~[na:na]
	at java.base/sun.net.www.protocol.http.HttpURLConnection.plainConnect0(Unknown Source) ~[na:na]
	at java.base/sun.net.www.protocol.http.HttpURLConnection.plainConnect(Unknown Source) ~[na:na]
	at java.base/sun.net.www.protocol.http.HttpURLConnection.connect(Unknown Source) ~[na:na]
	at com.xxl.job.core.util.XxlJobRemotingUtil.postBody(XxlJobRemotingUtil.java:99) ~[xxl-job-core-2.4.1.jar!/:na]
	at com.xxl.job.core.biz.client.AdminBizClient.registry(AdminBizClient.java:42) ~[xxl-job-core-2.4.1.jar!/:na]
	at com.xxl.job.core.thread.ExecutorRegistryThread$1.run(ExecutorRegistryThread.java:48) ~[xxl-job-core-2.4.1.jar!/:na]
	at java.base/java.lang.Thread.run(Unknown Source) ~[na:na]

2026-06-07T01:04:45.485+08:00  INFO 45972 --- [factor-engine-service] [rRegistryThread] c.x.j.c.thread.ExecutorRegistryThread    : >>>>>>>>>>> xxl-job registry fail, registryParam:RegistryParam{registryGroup='EXECUTOR', registryKey='factor-engine-service', registryValue='http://192.168.1.4:9992/'}, registryResult:ReturnT [code=500, msg=xxl-job remoting error(Connection refused: getsockopt), for url : http://localhost:8088/xxl-job-admin/api/registry, content=null]
2026-06-07T01:05:15.498+08:00 ERROR 45972 --- [factor-engine-service] [rRegistryThread] c.xxl.job.core.util.XxlJobRemotingUtil   : Connection refused: getsockopt

java.net.ConnectException: Connection refused: getsockopt
	at java.base/sun.nio.ch.Net.pollConnect(Native Method) ~[na:na]
	at java.base/sun.nio.ch.Net.pollConnectNow(Unknown Source) ~[na:na]
	at java.base/sun.nio.ch.NioSocketImpl.timedFinishConnect(Unknown Source) ~[na:na]
	at java.base/sun.nio.ch.NioSocketImpl.connect(Unknown Source) ~[na:na]
	at java.base/java.net.Socket.connect(Unknown Source) ~[na:na]
	at java.base/sun.net.NetworkClient.doConnect(Unknown Source) ~[na:na]
	at java.base/sun.net.www.http.HttpClient.openServer(Unknown Source) ~[na:na]
	at java.base/sun.net.www.http.HttpClient.openServer(Unknown Source) ~[na:na]
	at java.base/sun.net.www.http.HttpClient.<init>(Unknown Source) ~[na:na]
	at java.base/sun.net.www.http.HttpClient.New(Unknown Source) ~[na:na]
	at java.base/sun.net.www.http.HttpClient.New(Unknown Source) ~[na:na]
	at java.base/sun.net.www.protocol.http.HttpURLConnection.getNewHttpClient(Unknown Source) ~[na:na]
	at java.base/sun.net.www.protocol.http.HttpURLConnection.plainConnect0(Unknown Source) ~[na:na]
	at java.base/sun.net.www.protocol.http.HttpURLConnection.plainConnect(Unknown Source) ~[na:na]
	at java.base/sun.net.www.protocol.http.HttpURLConnection.connect(Unknown Source) ~[na:na]
	at com.xxl.job.core.util.XxlJobRemotingUtil.postBody(XxlJobRemotingUtil.java:99) ~[xxl-job-core-2.4.1.jar!/:na]
	at com.xxl.job.core.biz.client.AdminBizClient.registry(AdminBizClient.java:42) ~[xxl-job-core-2.4.1.jar!/:na]
	at com.xxl.job.core.thread.ExecutorRegistryThread$1.run(ExecutorRegistryThread.java:48) ~[xxl-job-core-2.4.1.jar!/:na]
	at java.base/java.lang.Thread.run(Unknown Source) ~[na:na]

2026-06-07T01:05:15.500+08:00  INFO 45972 --- [factor-engine-service] [rRegistryThread] c.x.j.c.thread.ExecutorRegistryThread    : >>>>>>>>>>> xxl-job registry fail, registryParam:RegistryParam{registryGroup='EXECUTOR', registryKey='factor-engine-service', registryValue='http://192.168.1.4:9992/'}, registryResult:ReturnT [code=500, msg=xxl-job remoting error(Connection refused: getsockopt), for url : http://localhost:8088/xxl-job-admin/api/registry, content=null]
2026-06-07T01:05:45.525+08:00 ERROR 45972 --- [factor-engine-service] [rRegistryThread] c.xxl.job.core.util.XxlJobRemotingUtil   : Connection refused: getsockopt

java.net.ConnectException: Connection refused: getsockopt
	at java.base/sun.nio.ch.Net.pollConnect(Native Method) ~[na:na]
	at java.base/sun.nio.ch.Net.pollConnectNow(Unknown Source) ~[na:na]
	at java.base/sun.nio.ch.NioSocketImpl.timedFinishConnect(Unknown Source) ~[na:na]
	at java.base/sun.nio.ch.NioSocketImpl.connect(Unknown Source) ~[na:na]
	at java.base/java.net.Socket.connect(Unknown Source) ~[na:na]
	at java.base/sun.net.NetworkClient.doConnect(Unknown Source) ~[na:na]
	at java.base/sun.net.www.http.HttpClient.openServer(Unknown Source) ~[na:na]
	at java.base/sun.net.www.http.HttpClient.openServer(Unknown Source) ~[na:na]
	at java.base/sun.net.www.http.HttpClient.<init>(Unknown Source) ~[na:na]
	at java.base/sun.net.www.http.HttpClient.New(Unknown Source) ~[na:na]
	at java.base/sun.net.www.http.HttpClient.New(Unknown Source) ~[na:na]
	at java.base/sun.net.www.protocol.http.HttpURLConnection.getNewHttpClient(Unknown Source) ~[na:na]
	at java.base/sun.net.www.protocol.http.HttpURLConnection.plainConnect0(Unknown Source) ~[na:na]
	at java.base/sun.net.www.protocol.http.HttpURLConnection.plainConnect(Unknown Source) ~[na:na]
	at java.base/sun.net.www.protocol.http.HttpURLConnection.connect(Unknown Source) ~[na:na]
	at com.xxl.job.core.util.XxlJobRemotingUtil.postBody(XxlJobRemotingUtil.java:99) ~[xxl-job-core-2.4.1.jar!/:na]
	at com.xxl.job.core.biz.client.AdminBizClient.registry(AdminBizClient.java:42) ~[xxl-job-core-2.4.1.jar!/:na]
	at com.xxl.job.core.thread.ExecutorRegistryThread$1.run(ExecutorRegistryThread.java:48) ~[xxl-job-core-2.4.1.jar!/:na]
	at java.base/java.lang.Thread.run(Unknown Source) ~[na:na]

2026-06-07T01:05:45.527+08:00  INFO 45972 --- [factor-engine-service] [rRegistryThread] c.x.j.c.thread.ExecutorRegistryThread    : >>>>>>>>>>> xxl-job registry fail, registryParam:RegistryParam{registryGroup='EXECUTOR', registryKey='factor-engine-service', registryValue='http://192.168.1.4:9992/'}, registryResult:ReturnT [code=500, msg=xxl-job remoting error(Connection refused: getsockopt), for url : http://localhost:8088/xxl-job-admin/api/registry, content=null]
2026-06-07T01:06:15.544+08:00 ERROR 45972 --- [factor-engine-service] [rRegistryThread] c.xxl.job.core.util.XxlJobRemotingUtil   : Connection refused: getsockopt

java.net.ConnectException: Connection refused: getsockopt
	at java.base/sun.nio.ch.Net.pollConnect(Native Method) ~[na:na]
	at java.base/sun.nio.ch.Net.pollConnectNow(Unknown Source) ~[na:na]
	at java.base/sun.nio.ch.NioSocketImpl.timedFinishConnect(Unknown Source) ~[na:na]
	at java.base/sun.nio.ch.NioSocketImpl.connect(Unknown Source) ~[na:na]
	at java.base/java.net.Socket.connect(Unknown Source) ~[na:na]
	at java.base/sun.net.NetworkClient.doConnect(Unknown Source) ~[na:na]
	at java.base/sun.net.www.http.HttpClient.openServer(Unknown Source) ~[na:na]
	at java.base/sun.net.www.http.HttpClient.openServer(Unknown Source) ~[na:na]
	at java.base/sun.net.www.http.HttpClient.<init>(Unknown Source) ~[na:na]
	at java.base/sun.net.www.http.HttpClient.New(Unknown Source) ~[na:na]
	at java.base/sun.net.www.http.HttpClient.New(Unknown Source) ~[na:na]
	at java.base/sun.net.www.protocol.http.HttpURLConnection.getNewHttpClient(Unknown Source) ~[na:na]
	at java.base/sun.net.www.protocol.http.HttpURLConnection.plainConnect0(Unknown Source) ~[na:na]
	at java.base/sun.net.www.protocol.http.HttpURLConnection.plainConnect(Unknown Source) ~[na:na]
	at java.base/sun.net.www.protocol.http.HttpURLConnection.connect(Unknown Source) ~[na:na]
	at com.xxl.job.core.util.XxlJobRemotingUtil.postBody(XxlJobRemotingUtil.java:99) ~[xxl-job-core-2.4.1.jar!/:na]
	at com.xxl.job.core.biz.client.AdminBizClient.registry(AdminBizClient.java:42) ~[xxl-job-core-2.4.1.jar!/:na]
	at com.xxl.job.core.thread.ExecutorRegistryThread$1.run(ExecutorRegistryThread.java:48) ~[xxl-job-core-2.4.1.jar!/:na]
	at java.base/java.lang.Thread.run(Unknown Source) ~[na:na]

2026-06-07T01:06:15.548+08:00  INFO 45972 --- [factor-engine-service] [rRegistryThread] c.x.j.c.thread.ExecutorRegistryThread    : >>>>>>>>>>> xxl-job registry fail, registryParam:RegistryParam{registryGroup='EXECUTOR', registryKey='factor-engine-service', registryValue='http://192.168.1.4:9992/'}, registryResult:ReturnT [code=500, msg=xxl-job remoting error(Connection refused: getsockopt), for url : http://localhost:8088/xxl-job-admin/api/registry, content=null]
2026-06-07T01:06:45.572+08:00 ERROR 45972 --- [factor-engine-service] [rRegistryThread] c.xxl.job.core.util.XxlJobRemotingUtil   : Connection refused: getsockopt

java.net.ConnectException: Connection refused: getsockopt
	at java.base/sun.nio.ch.Net.pollConnect(Native Method) ~[na:na]
	at java.base/sun.nio.ch.Net.pollConnectNow(Unknown Source) ~[na:na]
	at java.base/sun.nio.ch.NioSocketImpl.timedFinishConnect(Unknown Source) ~[na:na]
	at java.base/sun.nio.ch.NioSocketImpl.connect(Unknown Source) ~[na:na]
	at java.base/java.net.Socket.connect(Unknown Source) ~[na:na]
	at java.base/sun.net.NetworkClient.doConnect(Unknown Source) ~[na:na]
	at java.base/sun.net.www.http.HttpClient.openServer(Unknown Source) ~[na:na]
	at java.base/sun.net.www.http.HttpClient.openServer(Unknown Source) ~[na:na]
	at java.base/sun.net.www.http.HttpClient.<init>(Unknown Source) ~[na:na]
	at java.base/sun.net.www.http.HttpClient.New(Unknown Source) ~[na:na]
	at java.base/sun.net.www.http.HttpClient.New(Unknown Source) ~[na:na]
	at java.base/sun.net.www.protocol.http.HttpURLConnection.getNewHttpClient(Unknown Source) ~[na:na]
	at java.base/sun.net.www.protocol.http.HttpURLConnection.plainConnect0(Unknown Source) ~[na:na]
	at java.base/sun.net.www.protocol.http.HttpURLConnection.plainConnect(Unknown Source) ~[na:na]
	at java.base/sun.net.www.protocol.http.HttpURLConnection.connect(Unknown Source) ~[na:na]
	at com.xxl.job.core.util.XxlJobRemotingUtil.postBody(XxlJobRemotingUtil.java:99) ~[xxl-job-core-2.4.1.jar!/:na]
	at com.xxl.job.core.biz.client.AdminBizClient.registry(AdminBizClient.java:42) ~[xxl-job-core-2.4.1.jar!/:na]
	at com.xxl.job.core.thread.ExecutorRegistryThread$1.run(ExecutorRegistryThread.java:48) ~[xxl-job-core-2.4.1.jar!/:na]
	at java.base/java.lang.Thread.run(Unknown Source) ~[na:na]

2026-06-07T01:06:45.572+08:00  INFO 45972 --- [factor-engine-service] [rRegistryThread] c.x.j.c.thread.ExecutorRegistryThread    : >>>>>>>>>>> xxl-job registry fail, registryParam:RegistryParam{registryGroup='EXECUTOR', registryKey='factor-engine-service', registryValue='http://192.168.1.4:9992/'}, registryResult:ReturnT [code=500, msg=xxl-job remoting error(Connection refused: getsockopt), for url : http://localhost:8088/xxl-job-admin/api/registry, content=null]
